{"D:\\pro\\smart-inventory-frontend\\src\\App.jsx": {"path":"D:\\pro\\smart-inventory-frontend\\src\\App.jsx","statementMap":{"0":{"start":{"line":7,"column":2},"end":{"line":14,"column":3}}},"fnMap":{"0":{"name":"App","decl":{"start":{"line":6,"column":24},"end":{"line":6,"column":27}},"loc":{"start":{"line":6,"column":30},"end":{"line":15,"column":1}},"line":6}},"branchMap":{},"s":{"0":2},"f":{"0":2},"b":{},"_coverageSchema":"1a1c01bbd47fc00a2c39e90264f33305004495a9","hash":"dc9c6e8c9b83c636d7fa52f933e639ad57da8720"}
,"D:\\pro\\smart-inventory-frontend\\src\\index.js": {"path":"D:\\pro\\smart-inventory-frontend\\src\\index.js","statementMap":{"0":{"start":{"line":7,"column":15},"end":{"line":7,"column":46}},"1":{"start":{"line":8,"column":0},"end":{"line":8,"column":60}},"2":{"start":{"line":8,"column":13},"end":{"line":8,"column":60}},"3":{"start":{"line":10,"column":0},"end":{"line":16,"column":1}}},"fnMap":{},"branchMap":{"0":{"loc":{"start":{"line":8,"column":0},"end":{"line":8,"column":60}},"type":"if","locations":[{"start":{"line":8,"column":0},"end":{"line":8,"column":60}},{"start":{},"end":{}}],"line":8},"1":{"loc":{"start":{"line":12,"column":29},"end":{"line":12,"column":58}},"type":"binary-expr","locations":[{"start":{"line":12,"column":29},"end":{"line":12,"column":51}},{"start":{"line":12,"column":55},"end":{"line":12,"column":58}}],"line":12}},"s":{"0":2,"1":2,"2":1,"3":1},"f":{},"b":{"0":[1,1],"1":[1,1]},"_coverageSchema":"1a1c01bbd47fc00a2c39e90264f33305004495a9","hash":"9418bc7484474af55808653c36f54556bbb0480b"}
,"D:\\pro\\smart-inventory-frontend\\src\\api\\client.js": {"path":"D:\\pro\\smart-inventory-frontend\\src\\api\\client.js","statementMap":{"0":{"start":{"line":4,"column":18},"end":{"line":4,"column":30}},"1":{"start":{"line":6,"column":2},"end":{"line":25,"column":3}},"2":{"start":{"line":7,"column":4},"end":{"line":13,"column":6}},"3":{"start":{"line":16,"column":16},"end":{"line":16,"column":64}},"4":{"start":{"line":17,"column":4},"end":{"line":24,"column":5}},"5":{"start":{"line":27,"column":2},"end":{"line":67,"column":3}},"6":{"start":{"line":28,"column":24},"end":{"line":28,"column":61}},"7":{"start":{"line":29,"column":17},"end":{"line":29,"column":33}},"8":{"start":{"line":31,"column":4},"end":{"line":41,"column":5}},"9":{"start":{"line":32,"column":6},"end":{"line":40,"column":7}},"10":{"start":{"line":44,"column":4},"end":{"line":64,"column":5}},"11":{"start":{"line":45,"column":6},"end":{"line":63,"column":7}},"12":{"start":{"line":46,"column":21},"end":{"line":46,"column":37}},"13":{"start":{"line":47,"column":8},"end":{"line":49,"column":9}},"14":{"start":{"line":48,"column":10},"end":{"line":48,"column":39}},"15":{"start":{"line":50,"column":8},"end":{"line":52,"column":9}},"16":{"start":{"line":51,"column":10},"end":{"line":51,"column":37}},"17":{"start":{"line":55,"column":8},"end":{"line":57,"column":9}},"18":{"start":{"line":56,"column":10},"end":{"line":56,"column":38}},"19":{"start":{"line":58,"column":8},"end":{"line":60,"column":9}},"20":{"start":{"line":59,"column":10},"end":{"line":59,"column":37}},"21":{"start":{"line":66,"column":4},"end":{"line":66,"column":49}},"22":{"start":{"line":70,"column":2},"end":{"line":70,"column":42}},"23":{"start":{"line":70,"column":26},"end":{"line":70,"column":42}},"24":{"start":{"line":72,"column":22},"end":{"line":72,"column":59}},"25":{"start":{"line":73,"column":15},"end":{"line":73,"column":31}},"26":{"start":{"line":74,"column":2},"end":{"line":74,"column":29}},"27":{"start":{"line":74,"column":13},"end":{"line":74,"column":29}},"28":{"start":{"line":78,"column":2},"end":{"line":87,"column":3}},"29":{"start":{"line":79,"column":4},"end":{"line":86,"column":5}},"30":{"start":{"line":89,"column":2},"end":{"line":93,"column":3}},"31":{"start":{"line":90,"column":4},"end":{"line":92,"column":5}},"32":{"start":{"line":91,"column":6},"end":{"line":91,"column":90}},"33":{"start":{"line":95,"column":2},"end":{"line":95,"column":25}}},"fnMap":{"0":{"name":"apiFetch","decl":{"start":{"line":3,"column":22},"end":{"line":3,"column":30}},"loc":{"start":{"line":3,"column":43},"end":{"line":96,"column":1}},"line":3}},"branchMap":{"0":{"loc":{"start":{"line":10,"column":12},"end":{"line":10,"column":31}},"type":"binary-expr","locations":[{"start":{"line":10,"column":12},"end":{"line":10,"column":25}},{"start":{"line":10,"column":29},"end":{"line":10,"column":31}}],"line":10},"1":{"loc":{"start":{"line":16,"column":16},"end":{"line":16,"column":64}},"type":"cond-expr","locations":[{"start":{"line":16,"column":39},"end":{"line":16,"column":50}},{"start":{"line":16,"column":53},"end":{"line":16,"column":64}}],"line":16},"2":{"loc":{"start":{"line":19,"column":8},"end":{"line":19,"column":32}},"type":"binary-expr","locations":[{"start":{"line":19,"column":8},"end":{"line":19,"column":11}},{"start":{"line":19,"column":15},"end":{"line":19,"column":32}}],"line":19},"3":{"loc":{"start":{"line":27,"column":2},"end":{"line":67,"column":3}},"type":"if","locations":[{"start":{"line":27,"column":2},"end":{"line":67,"column":3}},{"start":{},"end":{}}],"line":27},"4":{"loc":{"start":{"line":28,"column":24},"end":{"line":28,"column":61}},"type":"binary-expr","locations":[{"start":{"line":28,"column":24},"end":{"line":28,"column":55}},{"start":{"line":28,"column":59},"end":{"line":28,"column":61}}],"line":28},"5":{"loc":{"start":{"line":31,"column":4},"end":{"line":41,"column":5}},"type":"if","locations":[{"start":{"line":31,"column":4},"end":{"line":41,"column":5}},{"start":{},"end":{}}],"line":31},"6":{"loc":{"start":{"line":31,"column":8},"end":{"line":31,"column":63}},"type":"binary-expr","locations":[{"start":{"line":31,"column":8},"end":{"line":31,"column":41}},{"start":{"line":31,"column":45},"end":{"line":31,"column":63}}],"line":31},"7":{"loc":{"start":{"line":44,"column":4},"end":{"line":64,"column":5}},"type":"if","locations":[{"start":{"line":44,"column":4},"end":{"line":64,"column":5}},{"start":{},"end":{}}],"line":44},"8":{"loc":{"start":{"line":44,"column":8},"end":{"line":44,"column":58}},"type":"binary-expr","locations":[{"start":{"line":44,"column":8},"end":{"line":44,"column":50}},{"start":{"line":44,"column":54},"end":{"line":44,"column":58}}],"line":44},"9":{"loc":{"start":{"line":47,"column":8},"end":{"line":49,"column":9}},"type":"if","locations":[{"start":{"line":47,"column":8},"end":{"line":49,"column":9}},{"start":{},"end":{}}],"line":47},"10":{"loc":{"start":{"line":47,"column":12},"end":{"line":47,"column":79}},"type":"binary-expr","locations":[{"start":{"line":47,"column":12},"end":{"line":47,"column":45}},{"start":{"line":47,"column":49},"end":{"line":47,"column":79}}],"line":47},"11":{"loc":{"start":{"line":50,"column":8},"end":{"line":52,"column":9}},"type":"if","locations":[{"start":{"line":50,"column":8},"end":{"line":52,"column":9}},{"start":{},"end":{}}],"line":50},"12":{"loc":{"start":{"line":50,"column":12},"end":{"line":50,"column":75}},"type":"binary-expr","locations":[{"start":{"line":50,"column":12},"end":{"line":50,"column":43}},{"start":{"line":50,"column":47},"end":{"line":50,"column":75}}],"line":50},"13":{"loc":{"start":{"line":55,"column":8},"end":{"line":57,"column":9}},"type":"if","locations":[{"start":{"line":55,"column":8},"end":{"line":57,"column":9}},{"start":{},"end":{}}],"line":55},"14":{"loc":{"start":{"line":55,"column":12},"end":{"line":55,"column":77}},"type":"binary-expr","locations":[{"start":{"line":55,"column":12},"end":{"line":55,"column":44}},{"start":{"line":55,"column":48},"end":{"line":55,"column":77}}],"line":55},"15":{"loc":{"start":{"line":58,"column":8},"end":{"line":60,"column":9}},"type":"if","locations":[{"start":{"line":58,"column":8},"end":{"line":60,"column":9}},{"start":{},"end":{}}],"line":58},"16":{"loc":{"start":{"line":58,"column":12},"end":{"line":58,"column":75}},"type":"binary-expr","locations":[{"start":{"line":58,"column":12},"end":{"line":58,"column":43}},{"start":{"line":58,"column":47},"end":{"line":58,"column":75}}],"line":58},"17":{"loc":{"start":{"line":66,"column":20},"end":{"line":66,"column":48}},"type":"binary-expr","locations":[{"start":{"line":66,"column":20},"end":{"line":66,"column":24}},{"start":{"line":66,"column":28},"end":{"line":66,"column":48}}],"line":66},"18":{"loc":{"start":{"line":70,"column":2},"end":{"line":70,"column":42}},"type":"if","locations":[{"start":{"line":70,"column":2},"end":{"line":70,"column":42}},{"start":{},"end":{}}],"line":70},"19":{"loc":{"start":{"line":72,"column":22},"end":{"line":72,"column":59}},"type":"binary-expr","locations":[{"start":{"line":72,"column":22},"end":{"line":72,"column":53}},{"start":{"line":72,"column":57},"end":{"line":72,"column":59}}],"line":72},"20":{"loc":{"start":{"line":74,"column":2},"end":{"line":74,"column":29}},"type":"if","locations":[{"start":{"line":74,"column":2},"end":{"line":74,"column":29}},{"start":{},"end":{}}],"line":74},"21":{"loc":{"start":{"line":78,"column":2},"end":{"line":87,"column":3}},"type":"if","locations":[{"start":{"line":78,"column":2},"end":{"line":87,"column":3}},{"start":{},"end":{}}],"line":78},"22":{"loc":{"start":{"line":78,"column":6},"end":{"line":78,"column":61}},"type":"binary-expr","locations":[{"start":{"line":78,"column":6},"end":{"line":78,"column":39}},{"start":{"line":78,"column":43},"end":{"line":78,"column":61}}],"line":78},"23":{"loc":{"start":{"line":89,"column":2},"end":{"line":93,"column":3}},"type":"if","locations":[{"start":{"line":89,"column":2},"end":{"line":93,"column":3}},{"start":{},"end":{}}],"line":89},"24":{"loc":{"start":{"line":90,"column":4},"end":{"line":92,"column":5}},"type":"if","locations":[{"start":{"line":90,"column":4},"end":{"line":92,"column":5}},{"start":{},"end":{}}],"line":90},"25":{"loc":{"start":{"line":91,"column":61},"end":{"line":91,"column":87}},"type":"binary-expr","locations":[{"start":{"line":91,"column":61},"end":{"line":91,"column":72}},{"start":{"line":91,"column":76},"end":{"line":91,"column":87}}],"line":91}},"s":{"0":7,"1":7,"2":7,"3":1,"4":1,"5":6,"6":3,"7":3,"8":3,"9":1,"10":2,"11":1,"12":1,"13":1,"14":1,"15":0,"16":0,"17":0,"18":0,"19":0,"20":0,"21":2,"22":3,"23":1,"24":2,"25":2,"26":2,"27":0,"28":2,"29":0,"30":2,"31":1,"32":1,"33":1},"f":{"0":7},"b":{"0":[7,7],"1":[1,0],"2":[1,0],"3":[3,3],"4":[3,0],"5":[1,2],"6":[3,2],"7":[1,1],"8":[2,1],"9":[1,0],"10":[1,1],"11":[0,0],"12":[0,0],"13":[0,0],"14":[0,0],"15":[0,0],"16":[0,0],"17":[2,0],"18":[1,2],"19":[2,0],"20":[0,2],"21":[0,2],"22":[2,2],"23":[1,1],"24":[1,0],"25":[1,0]},"_coverageSchema":"1a1c01bbd47fc00a2c39e90264f33305004495a9","hash":"c90980029f1764ff0c5f75ddc5895e5bcd62b985"}
,"D:\\pro\\smart-inventory-frontend\\src\\api\\inventoryApi.js": {"path":"D:\\pro\\smart-inventory-frontend\\src\\api\\inventoryApi.js","statementMap":{"0":{"start":{"line":4,"column":2},"end":{"line":4,"column":27}},"1":{"start":{"line":8,"column":2},"end":{"line":8,"column":75}},"2":{"start":{"line":12,"column":2},"end":{"line":12,"column":80}},"3":{"start":{"line":16,"column":2},"end":{"line":16,"column":55}},"4":{"start":{"line":21,"column":2},"end":{"line":21,"column":31}},"5":{"start":{"line":25,"column":2},"end":{"line":25,"column":79}},"6":{"start":{"line":29,"column":2},"end":{"line":29,"column":84}},"7":{"start":{"line":33,"column":2},"end":{"line":33,"column":59}},"8":{"start":{"line":37,"column":2},"end":{"line":40,"column":4}},"9":{"start":{"line":44,"column":13},"end":{"line":44,"column":34}},"10":{"start":{"line":45,"column":2},"end":{"line":45,"column":69}},"11":{"start":{"line":45,"column":30},"end":{"line":45,"column":69}},"12":{"start":{"line":46,"column":2},"end":{"line":46,"column":63}},"13":{"start":{"line":46,"column":28},"end":{"line":46,"column":63}},"14":{"start":{"line":47,"column":2},"end":{"line":47,"column":81}},"15":{"start":{"line":47,"column":34},"end":{"line":47,"column":81}},"16":{"start":{"line":48,"column":2},"end":{"line":48,"column":66}},"17":{"start":{"line":48,"column":29},"end":{"line":48,"column":66}},"18":{"start":{"line":49,"column":17},"end":{"line":49,"column":57}},"19":{"start":{"line":50,"column":2},"end":{"line":50,"column":40}}},"fnMap":{"0":{"name":"listItems","decl":{"start":{"line":3,"column":16},"end":{"line":3,"column":25}},"loc":{"start":{"line":3,"column":28},"end":{"line":5,"column":1}},"line":3},"1":{"name":"createItem","decl":{"start":{"line":7,"column":16},"end":{"line":7,"column":26}},"loc":{"start":{"line":7,"column":33},"end":{"line":9,"column":1}},"line":7},"2":{"name":"updateItem","decl":{"start":{"line":11,"column":16},"end":{"line":11,"column":26}},"loc":{"start":{"line":11,"column":37},"end":{"line":13,"column":1}},"line":11},"3":{"name":"deleteItem","decl":{"start":{"line":15,"column":16},"end":{"line":15,"column":26}},"loc":{"start":{"line":15,"column":31},"end":{"line":17,"column":1}},"line":15},"4":{"name":"listLocations","decl":{"start":{"line":20,"column":16},"end":{"line":20,"column":29}},"loc":{"start":{"line":20,"column":32},"end":{"line":22,"column":1}},"line":20},"5":{"name":"createLocation","decl":{"start":{"line":24,"column":16},"end":{"line":24,"column":30}},"loc":{"start":{"line":24,"column":37},"end":{"line":26,"column":1}},"line":24},"6":{"name":"updateLocation","decl":{"start":{"line":28,"column":16},"end":{"line":28,"column":30}},"loc":{"start":{"line":28,"column":41},"end":{"line":30,"column":1}},"line":28},"7":{"name":"deleteLocation","decl":{"start":{"line":32,"column":16},"end":{"line":32,"column":30}},"loc":{"start":{"line":32,"column":35},"end":{"line":34,"column":1}},"line":32},"8":{"name":"createMovement","decl":{"start":{"line":36,"column":16},"end":{"line":36,"column":30}},"loc":{"start":{"line":36,"column":45},"end":{"line":41,"column":1}},"line":36},"9":{"name":"listMovements","decl":{"start":{"line":43,"column":16},"end":{"line":43,"column":29}},"loc":{"start":{"line":43,"column":38},"end":{"line":51,"column":1}},"line":43}},"branchMap":{"0":{"loc":{"start":{"line":45,"column":2},"end":{"line":45,"column":69}},"type":"if","locations":[{"start":{"line":45,"column":2},"end":{"line":45,"column":69}},{"start":{},"end":{}}],"line":45},"1":{"loc":{"start":{"line":46,"column":2},"end":{"line":46,"column":63}},"type":"if","locations":[{"start":{"line":46,"column":2},"end":{"line":46,"column":63}},{"start":{},"end":{}}],"line":46},"2":{"loc":{"start":{"line":47,"column":2},"end":{"line":47,"column":81}},"type":"if","locations":[{"start":{"line":47,"column":2},"end":{"line":47,"column":81}},{"start":{},"end":{}}],"line":47},"3":{"loc":{"start":{"line":48,"column":2},"end":{"line":48,"column":66}},"type":"if","locations":[{"start":{"line":48,"column":2},"end":{"line":48,"column":66}},{"start":{},"end":{}}],"line":48},"4":{"loc":{"start":{"line":49,"column":17},"end":{"line":49,"column":57}},"type":"cond-expr","locations":[{"start":{"line":49,"column":33},"end":{"line":49,"column":52}},{"start":{"line":49,"column":55},"end":{"line":49,"column":57}}],"line":49}},"s":{"0":1,"1":1,"2":1,"3":1,"4":1,"5":1,"6":1,"7":1,"8":1,"9":2,"10":2,"11":1,"12":2,"13":1,"14":2,"15":1,"16":2,"17":1,"18":2,"19":2},"f":{"0":1,"1":1,"2":1,"3":1,"4":1,"5":1,"6":1,"7":1,"8":1,"9":2},"b":{"0":[1,1],"1":[1,1],"2":[1,1],"3":[1,1],"4":[1,1]},"_coverageSchema":"1a1c01bbd47fc00a2c39e90264f33305004495a9","hash":"4b254b2b9f6862da8892f1833bc052af5bdc8122"}
,"D:\\pro\\smart-inventory-frontend\\src\\components\\AppShell.jsx": {"path":"D:\\pro\\smart-inventory-frontend\\src\\components\\AppShell.jsx","statementMap":{"0":{"start":{"line":4,"column":2},"end":{"line":29,"column":3}},"1":{"start":{"line":14,"column":61},"end":{"line":14,"column":103}},"2":{"start":{"line":19,"column":43},"end":{"line":19,"column":85}}},"fnMap":{"0":{"name":"AppShell","decl":{"start":{"line":3,"column":24},"end":{"line":3,"column":32}},"loc":{"start":{"line":3,"column":47},"end":{"line":30,"column":1}},"line":3},"1":{"name":"(anonymous_1)","decl":{"start":{"line":14,"column":43},"end":{"line":14,"column":44}},"loc":{"start":{"line":14,"column":61},"end":{"line":14,"column":103}},"line":14},"2":{"name":"(anonymous_2)","decl":{"start":{"line":19,"column":25},"end":{"line":19,"column":26}},"loc":{"start":{"line":19,"column":43},"end":{"line":19,"column":85}},"line":19}},"branchMap":{"0":{"loc":{"start":{"line":14,"column":74},"end":{"line":14,"column":101}},"type":"cond-expr","locations":[{"start":{"line":14,"column":85},"end":{"line":14,"column":96}},{"start":{"line":14,"column":99},"end":{"line":14,"column":101}}],"line":14},"1":{"loc":{"start":{"line":19,"column":56},"end":{"line":19,"column":83}},"type":"cond-expr","locations":[{"start":{"line":19,"column":67},"end":{"line":19,"column":78}},{"start":{"line":19,"column":81},"end":{"line":19,"column":83}}],"line":19}},"s":{"0":4,"1":4,"2":4},"f":{"0":4,"1":4,"2":4},"b":{"0":[2,2],"1":[2,2]},"_coverageSchema":"1a1c01bbd47fc00a2c39e90264f33305004495a9","hash":"7011cb60a9b3be6dbb12fadf040a54aad55cbc1f"}
,"D:\\pro\\smart-inventory-frontend\\src\\config\\api.js": {"path":"D:\\pro\\smart-inventory-frontend\\src\\config\\api.js","statementMap":{"0":{"start":{"line":1,"column":31},"end":{"line":1,"column":110}},"1":{"start":{"line":5,"column":12},"end":{"line":5,"column":73}},"2":{"start":{"line":6,"column":2},"end":{"line":6,"column":24}},"3":{"start":{"line":10,"column":12},"end":{"line":10,"column":31}},"4":{"start":{"line":11,"column":12},"end":{"line":11,"column":20}},"5":{"start":{"line":12,"column":2},"end":{"line":12,"column":58}},"6":{"start":{"line":12,"column":50},"end":{"line":12,"column":58}},"7":{"start":{"line":13,"column":2},"end":{"line":13,"column":47}},"8":{"start":{"line":17,"column":18},"end":{"line":17,"column":69}},"9":{"start":{"line":18,"column":2},"end":{"line":18,"column":25}},"10":{"start":{"line":18,"column":16},"end":{"line":18,"column":25}},"11":{"start":{"line":22,"column":2},"end":{"line":22,"column":58}},"12":{"start":{"line":22,"column":49},"end":{"line":22,"column":58}},"13":{"start":{"line":26,"column":2},"end":{"line":44,"column":3}},"14":{"start":{"line":27,"column":16},"end":{"line":27,"column":32}},"15":{"start":{"line":31,"column":24},"end":{"line":31,"column":84}},"16":{"start":{"line":32,"column":4},"end":{"line":34,"column":5}},"17":{"start":{"line":33,"column":6},"end":{"line":33,"column":29}},"18":{"start":{"line":36,"column":17},"end":{"line":36,"column":44}},"19":{"start":{"line":37,"column":4},"end":{"line":39,"column":5}},"20":{"start":{"line":38,"column":6},"end":{"line":38,"column":27}},"21":{"start":{"line":40,"column":4},"end":{"line":40,"column":47}},"22":{"start":{"line":43,"column":4},"end":{"line":43,"column":18}},"23":{"start":{"line":48,"column":14},"end":{"line":53,"column":14}},"24":{"start":{"line":55,"column":24},"end":{"line":55,"column":45}},"25":{"start":{"line":56,"column":2},"end":{"line":70,"column":3}},"26":{"start":{"line":59,"column":4},"end":{"line":69,"column":5}},"27":{"start":{"line":60,"column":6},"end":{"line":65,"column":7}},"28":{"start":{"line":61,"column":29},"end":{"line":61,"column":44}},"29":{"start":{"line":62,"column":8},"end":{"line":64,"column":9}},"30":{"start":{"line":63,"column":10},"end":{"line":63,"column":30}},"31":{"start":{"line":68,"column":6},"end":{"line":68,"column":26}},"32":{"start":{"line":73,"column":2},"end":{"line":78,"column":3}},"33":{"start":{"line":74,"column":25},"end":{"line":74,"column":40}},"34":{"start":{"line":75,"column":4},"end":{"line":77,"column":5}},"35":{"start":{"line":76,"column":6},"end":{"line":76,"column":40}},"36":{"start":{"line":81,"column":2},"end":{"line":81,"column":59}},"37":{"start":{"line":85,"column":28},"end":{"line":85,"column":47}},"38":{"start":{"line":89,"column":0},"end":{"line":92,"column":1}},"39":{"start":{"line":91,"column":2},"end":{"line":91,"column":56}}},"fnMap":{"0":{"name":"readEnv","decl":{"start":{"line":3,"column":9},"end":{"line":3,"column":16}},"loc":{"start":{"line":3,"column":22},"end":{"line":7,"column":1}},"line":3},"1":{"name":"stripTrailingSlashes","decl":{"start":{"line":9,"column":9},"end":{"line":9,"column":29}},"loc":{"start":{"line":9,"column":37},"end":{"line":14,"column":1}},"line":9},"2":{"name":"normalizeApiBase","decl":{"start":{"line":16,"column":9},"end":{"line":16,"column":25}},"loc":{"start":{"line":16,"column":31},"end":{"line":45,"column":1}},"line":16},"3":{"name":"computeApiBaseUrl","decl":{"start":{"line":47,"column":9},"end":{"line":47,"column":26}},"loc":{"start":{"line":47,"column":29},"end":{"line":82,"column":1}},"line":47}},"branchMap":{"0":{"loc":{"start":{"line":5,"column":12},"end":{"line":5,"column":73}},"type":"binary-expr","locations":[{"start":{"line":5,"column":13},"end":{"line":5,"column":43}},{"start":{"line":5,"column":47},"end":{"line":5,"column":66}},{"start":{"line":5,"column":71},"end":{"line":5,"column":73}}],"line":5},"1":{"loc":{"start":{"line":6,"column":16},"end":{"line":6,"column":23}},"type":"binary-expr","locations":[{"start":{"line":6,"column":16},"end":{"line":6,"column":17}},{"start":{"line":6,"column":21},"end":{"line":6,"column":23}}],"line":6},"2":{"loc":{"start":{"line":10,"column":19},"end":{"line":10,"column":30}},"type":"binary-expr","locations":[{"start":{"line":10,"column":19},"end":{"line":10,"column":24}},{"start":{"line":10,"column":28},"end":{"line":10,"column":30}}],"line":10},"3":{"loc":{"start":{"line":12,"column":9},"end":{"line":12,"column":48}},"type":"binary-expr","locations":[{"start":{"line":12,"column":9},"end":{"line":12,"column":16}},{"start":{"line":12,"column":20},"end":{"line":12,"column":48}}],"line":12},"4":{"loc":{"start":{"line":13,"column":9},"end":{"line":13,"column":47}},"type":"cond-expr","locations":[{"start":{"line":13,"column":28},"end":{"line":13,"column":29}},{"start":{"line":13,"column":32},"end":{"line":13,"column":47}}],"line":13},"5":{"loc":{"start":{"line":17,"column":40},"end":{"line":17,"column":49}},"type":"binary-expr","locations":[{"start":{"line":17,"column":40},"end":{"line":17,"column":43}},{"start":{"line":17,"column":47},"end":{"line":17,"column":49}}],"line":17},"6":{"loc":{"start":{"line":18,"column":2},"end":{"line":18,"column":25}},"type":"if","locations":[{"start":{"line":18,"column":2},"end":{"line":18,"column":25}},{"start":{},"end":{}}],"line":18},"7":{"loc":{"start":{"line":22,"column":2},"end":{"line":22,"column":58}},"type":"if","locations":[{"start":{"line":22,"column":2},"end":{"line":22,"column":58}},{"start":{},"end":{}}],"line":22},"8":{"loc":{"start":{"line":31,"column":24},"end":{"line":31,"column":84}},"type":"binary-expr","locations":[{"start":{"line":31,"column":24},"end":{"line":31,"column":52}},{"start":{"line":31,"column":56},"end":{"line":31,"column":84}}],"line":31},"9":{"loc":{"start":{"line":32,"column":4},"end":{"line":34,"column":5}},"type":"if","locations":[{"start":{"line":32,"column":4},"end":{"line":34,"column":5}},{"start":{},"end":{}}],"line":32},"10":{"loc":{"start":{"line":32,"column":8},"end":{"line":32,"column":48}},"type":"binary-expr","locations":[{"start":{"line":32,"column":8},"end":{"line":32,"column":20}},{"start":{"line":32,"column":24},"end":{"line":32,"column":48}}],"line":32},"11":{"loc":{"start":{"line":36,"column":18},"end":{"line":36,"column":36}},"type":"binary-expr","locations":[{"start":{"line":36,"column":18},"end":{"line":36,"column":30}},{"start":{"line":36,"column":34},"end":{"line":36,"column":36}}],"line":36},"12":{"loc":{"start":{"line":37,"column":4},"end":{"line":39,"column":5}},"type":"if","locations":[{"start":{"line":37,"column":4},"end":{"line":39,"column":5}},{"start":{},"end":{}}],"line":37},"13":{"loc":{"start":{"line":37,"column":8},"end":{"line":37,"column":35}},"type":"binary-expr","locations":[{"start":{"line":37,"column":8},"end":{"line":37,"column":19}},{"start":{"line":37,"column":23},"end":{"line":37,"column":35}}],"line":37},"14":{"loc":{"start":{"line":49,"column":4},"end":{"line":52,"column":36}},"type":"binary-expr","locations":[{"start":{"line":49,"column":4},"end":{"line":49,"column":32}},{"start":{"line":50,"column":4},"end":{"line":50,"column":37}},{"start":{"line":51,"column":4},"end":{"line":51,"column":31}},{"start":{"line":52,"column":4},"end":{"line":52,"column":36}}],"line":49},"15":{"loc":{"start":{"line":56,"column":2},"end":{"line":70,"column":3}},"type":"if","locations":[{"start":{"line":56,"column":2},"end":{"line":70,"column":3}},{"start":{},"end":{}}],"line":56},"16":{"loc":{"start":{"line":59,"column":4},"end":{"line":69,"column":5}},"type":"if","locations":[{"start":{"line":59,"column":4},"end":{"line":69,"column":5}},{"start":{"line":67,"column":11},"end":{"line":69,"column":5}}],"line":59},"17":{"loc":{"start":{"line":60,"column":6},"end":{"line":65,"column":7}},"type":"if","locations":[{"start":{"line":60,"column":6},"end":{"line":65,"column":7}},{"start":{},"end":{}}],"line":60},"18":{"loc":{"start":{"line":62,"column":8},"end":{"line":64,"column":9}},"type":"if","locations":[{"start":{"line":62,"column":8},"end":{"line":64,"column":9}},{"start":{},"end":{}}],"line":62},"19":{"loc":{"start":{"line":62,"column":12},"end":{"line":62,"column":64}},"type":"binary-expr","locations":[{"start":{"line":62,"column":12},"end":{"line":62,"column":36}},{"start":{"line":62,"column":40},"end":{"line":62,"column":64}}],"line":62},"20":{"loc":{"start":{"line":73,"column":2},"end":{"line":78,"column":3}},"type":"if","locations":[{"start":{"line":73,"column":2},"end":{"line":78,"column":3}},{"start":{},"end":{}}],"line":73},"21":{"loc":{"start":{"line":75,"column":4},"end":{"line":77,"column":5}},"type":"if","locations":[{"start":{"line":75,"column":4},"end":{"line":77,"column":5}},{"start":{},"end":{}}],"line":75},"22":{"loc":{"start":{"line":75,"column":8},"end":{"line":75,"column":60}},"type":"binary-expr","locations":[{"start":{"line":75,"column":8},"end":{"line":75,"column":32}},{"start":{"line":75,"column":36},"end":{"line":75,"column":60}}],"line":75},"23":{"loc":{"start":{"line":81,"column":9},"end":{"line":81,"column":59}},"type":"binary-expr","locations":[{"start":{"line":81,"column":9},"end":{"line":81,"column":49}},{"start":{"line":81,"column":53},"end":{"line":81,"column":59}}],"line":81},"24":{"loc":{"start":{"line":89,"column":0},"end":{"line":92,"column":1}},"type":"if","locations":[{"start":{"line":89,"column":0},"end":{"line":92,"column":1}},{"start":{},"end":{}}],"line":89}},"s":{"0":2,"1":4,"2":4,"3":4,"4":4,"5":4,"6":0,"7":4,"8":2,"9":2,"10":0,"11":2,"12":0,"13":2,"14":2,"15":2,"16":2,"17":0,"18":2,"19":2,"20":0,"21":2,"22":0,"23":2,"24":2,"25":2,"26":2,"27":0,"28":0,"29":0,"30":0,"31":2,"32":0,"33":0,"34":0,"35":0,"36":0,"37":2,"38":2,"39":2},"f":{"0":4,"1":4,"2":2,"3":2},"b":{"0":[4,4,2],"1":[4,0],"2":[4,0],"3":[4,4],"4":[4,0],"5":[2,0],"6":[0,2],"7":[0,2],"8":[2,2],"9":[0,2],"10":[2,2],"11":[2,0],"12":[0,2],"13":[2,2],"14":[2,2,0,0],"15":[2,0],"16":[0,2],"17":[0,0],"18":[0,0],"19":[0,0],"20":[0,0],"21":[0,0],"22":[0,0],"23":[0,0],"24":[2,0]},"_coverageSchema":"1a1c01bbd47fc00a2c39e90264f33305004495a9","hash":"020c80abbb2f48203337b23f7fc5c4fc0aa78c95"}
,"D:\\pro\\smart-inventory-frontend\\src\\pages\\ItemsPage.jsx": {"path":"D:\\pro\\smart-inventory-frontend\\src\\pages\\ItemsPage.jsx","statementMap":{"0":{"start":{"line":5,"column":28},"end":{"line":5,"column":40}},"1":{"start":{"line":6,"column":28},"end":{"line":6,"column":42}},"2":{"start":{"line":7,"column":32},"end":{"line":7,"column":47}},"3":{"start":{"line":8,"column":28},"end":{"line":8,"column":40}},"4":{"start":{"line":10,"column":28},"end":{"line":10,"column":42}},"5":{"start":{"line":12,"column":34},"end":{"line":12,"column":48}},"6":{"start":{"line":13,"column":42},"end":{"line":13,"column":56}},"7":{"start":{"line":15,"column":24},"end":{"line":15,"column":36}},"8":{"start":{"line":16,"column":26},"end":{"line":16,"column":38}},"9":{"start":{"line":17,"column":40},"end":{"line":17,"column":52}},"10":{"start":{"line":20,"column":4},"end":{"line":20,"column":20}},"11":{"start":{"line":21,"column":4},"end":{"line":21,"column":18}},"12":{"start":{"line":22,"column":4},"end":{"line":29,"column":5}},"13":{"start":{"line":23,"column":23},"end":{"line":23,"column":40}},"14":{"start":{"line":24,"column":6},"end":{"line":24,"column":24}},"15":{"start":{"line":26,"column":6},"end":{"line":26,"column":65}},"16":{"start":{"line":28,"column":6},"end":{"line":28,"column":23}},"17":{"start":{"line":32,"column":2},"end":{"line":34,"column":8}},"18":{"start":{"line":33,"column":4},"end":{"line":33,"column":18}},"19":{"start":{"line":36,"column":24},"end":{"line":43,"column":20}},"20":{"start":{"line":37,"column":14},"end":{"line":37,"column":40}},"21":{"start":{"line":38,"column":4},"end":{"line":38,"column":24}},"22":{"start":{"line":38,"column":12},"end":{"line":38,"column":24}},"23":{"start":{"line":39,"column":4},"end":{"line":42,"column":6}},"24":{"start":{"line":40,"column":18},"end":{"line":40,"column":78}},"25":{"start":{"line":41,"column":6},"end":{"line":41,"column":28}},"26":{"start":{"line":46,"column":4},"end":{"line":46,"column":18}},"27":{"start":{"line":47,"column":21},"end":{"line":47,"column":31}},"28":{"start":{"line":48,"column":22},"end":{"line":48,"column":33}},"29":{"start":{"line":49,"column":4},"end":{"line":52,"column":5}},"30":{"start":{"line":50,"column":6},"end":{"line":50,"column":43}},"31":{"start":{"line":51,"column":6},"end":{"line":51,"column":12}},"32":{"start":{"line":54,"column":4},"end":{"line":67,"column":5}},"33":{"start":{"line":55,"column":6},"end":{"line":59,"column":8}},"34":{"start":{"line":60,"column":6},"end":{"line":60,"column":16}},"35":{"start":{"line":61,"column":6},"end":{"line":61,"column":17}},"36":{"start":{"line":62,"column":6},"end":{"line":62,"column":24}},"37":{"start":{"line":63,"column":6},"end":{"line":63,"column":21}},"38":{"start":{"line":64,"column":6},"end":{"line":64,"column":30}},"39":{"start":{"line":66,"column":6},"end":{"line":66,"column":64}},"40":{"start":{"line":70,"column":2},"end":{"line":228,"column":3}},"41":{"start":{"line":91,"column":33},"end":{"line":91,"column":57}},"42":{"start":{"line":103,"column":35},"end":{"line":103,"column":57}},"43":{"start":{"line":104,"column":32},"end":{"line":104,"column":55}},"44":{"start":{"line":104,"column":46},"end":{"line":104,"column":54}},"45":{"start":{"line":110,"column":71},"end":{"line":110,"column":94}},"46":{"start":{"line":120,"column":33},"end":{"line":120,"column":63}},"47":{"start":{"line":130,"column":18},"end":{"line":130,"column":28}},"48":{"start":{"line":131,"column":18},"end":{"line":131,"column":29}},"49":{"start":{"line":132,"column":18},"end":{"line":132,"column":36}},"50":{"start":{"line":162,"column":18},"end":{"line":178,"column":23}},"51":{"start":{"line":170,"column":99},"end":{"line":170,"column":114}},"52":{"start":{"line":173,"column":100},"end":{"line":173,"column":119}},"53":{"start":{"line":186,"column":71},"end":{"line":186,"column":88}},"54":{"start":{"line":189,"column":26},"end":{"line":189,"column":43}},"55":{"start":{"line":192,"column":12},"end":{"line":192,"column":29}},"56":{"start":{"line":193,"column":12},"end":{"line":193,"column":27}},"57":{"start":{"line":194,"column":12},"end":{"line":194,"column":36}},"58":{"start":{"line":199,"column":78},"end":{"line":199,"column":99}},"59":{"start":{"line":202,"column":74},"end":{"line":202,"column":95}},"60":{"start":{"line":209,"column":14},"end":{"line":209,"column":39}},"61":{"start":{"line":209,"column":33},"end":{"line":209,"column":39}},"62":{"start":{"line":210,"column":14},"end":{"line":210,"column":28}},"63":{"start":{"line":211,"column":14},"end":{"line":218,"column":15}},"64":{"start":{"line":212,"column":16},"end":{"line":212,"column":49}},"65":{"start":{"line":213,"column":16},"end":{"line":213,"column":37}},"66":{"start":{"line":214,"column":16},"end":{"line":214,"column":31}},"67":{"start":{"line":215,"column":16},"end":{"line":215,"column":40}},"68":{"start":{"line":217,"column":16},"end":{"line":217,"column":74}},"69":{"start":{"line":226,"column":44},"end":{"line":226,"column":58}},"70":{"start":{"line":232,"column":26},"end":{"line":232,"column":38}},"71":{"start":{"line":233,"column":40},"end":{"line":233,"column":52}},"72":{"start":{"line":235,"column":2},"end":{"line":240,"column":12}},"73":{"start":{"line":236,"column":4},"end":{"line":239,"column":5}},"74":{"start":{"line":237,"column":6},"end":{"line":237,"column":30}},"75":{"start":{"line":238,"column":6},"end":{"line":238,"column":44}},"76":{"start":{"line":242,"column":2},"end":{"line":281,"column":3}},"77":{"start":{"line":246,"column":8},"end":{"line":246,"column":26}},"78":{"start":{"line":247,"column":8},"end":{"line":247,"column":25}},"79":{"start":{"line":247,"column":19},"end":{"line":247,"column":25}},"80":{"start":{"line":248,"column":8},"end":{"line":253,"column":9}},"81":{"start":{"line":249,"column":10},"end":{"line":249,"column":124}},"82":{"start":{"line":250,"column":10},"end":{"line":250,"column":19}},"83":{"start":{"line":252,"column":10},"end":{"line":252,"column":71}},"84":{"start":{"line":263,"column":65},"end":{"line":263,"column":88}},"85":{"start":{"line":269,"column":82},"end":{"line":269,"column":112}},"86":{"start":{"line":285,"column":2},"end":{"line":285,"column":24}},"87":{"start":{"line":285,"column":13},"end":{"line":285,"column":24}},"88":{"start":{"line":286,"column":2},"end":{"line":299,"column":3}},"89":{"start":{"line":303,"column":2},"end":{"line":307,"column":24}},"90":{"start":{"line":304,"column":4},"end":{"line":304,"column":24}},"91":{"start":{"line":304,"column":18},"end":{"line":304,"column":24}},"92":{"start":{"line":305,"column":14},"end":{"line":305,"column":39}},"93":{"start":{"line":306,"column":4},"end":{"line":306,"column":32}},"94":{"start":{"line":306,"column":17},"end":{"line":306,"column":32}},"95":{"start":{"line":309,"column":2},"end":{"line":309,"column":27}},"96":{"start":{"line":309,"column":16},"end":{"line":309,"column":27}},"97":{"start":{"line":310,"column":2},"end":{"line":317,"column":3}}},"fnMap":{"0":{"name":"ItemsPage","decl":{"start":{"line":4,"column":24},"end":{"line":4,"column":33}},"loc":{"start":{"line":4,"column":36},"end":{"line":229,"column":1}},"line":4},"1":{"name":"refresh","decl":{"start":{"line":19,"column":17},"end":{"line":19,"column":24}},"loc":{"start":{"line":19,"column":27},"end":{"line":30,"column":3}},"line":19},"2":{"name":"(anonymous_2)","decl":{"start":{"line":32,"column":12},"end":{"line":32,"column":13}},"loc":{"start":{"line":32,"column":18},"end":{"line":34,"column":3}},"line":32},"3":{"name":"(anonymous_3)","decl":{"start":{"line":36,"column":32},"end":{"line":36,"column":33}},"loc":{"start":{"line":36,"column":38},"end":{"line":43,"column":3}},"line":36},"4":{"name":"(anonymous_4)","decl":{"start":{"line":39,"column":24},"end":{"line":39,"column":25}},"loc":{"start":{"line":39,"column":32},"end":{"line":42,"column":5}},"line":39},"5":{"name":"handleCreate","decl":{"start":{"line":45,"column":17},"end":{"line":45,"column":29}},"loc":{"start":{"line":45,"column":32},"end":{"line":68,"column":3}},"line":45},"6":{"name":"(anonymous_6)","decl":{"start":{"line":91,"column":26},"end":{"line":91,"column":27}},"loc":{"start":{"line":91,"column":33},"end":{"line":91,"column":57}},"line":91},"7":{"name":"(anonymous_7)","decl":{"start":{"line":103,"column":28},"end":{"line":103,"column":29}},"loc":{"start":{"line":103,"column":35},"end":{"line":103,"column":57}},"line":103},"8":{"name":"(anonymous_8)","decl":{"start":{"line":104,"column":26},"end":{"line":104,"column":27}},"loc":{"start":{"line":104,"column":32},"end":{"line":104,"column":55}},"line":104},"9":{"name":"(anonymous_9)","decl":{"start":{"line":104,"column":39},"end":{"line":104,"column":40}},"loc":{"start":{"line":104,"column":46},"end":{"line":104,"column":54}},"line":104},"10":{"name":"(anonymous_10)","decl":{"start":{"line":110,"column":64},"end":{"line":110,"column":65}},"loc":{"start":{"line":110,"column":71},"end":{"line":110,"column":94}},"line":110},"11":{"name":"(anonymous_11)","decl":{"start":{"line":120,"column":26},"end":{"line":120,"column":27}},"loc":{"start":{"line":120,"column":33},"end":{"line":120,"column":63}},"line":120},"12":{"name":"(anonymous_12)","decl":{"start":{"line":129,"column":25},"end":{"line":129,"column":26}},"loc":{"start":{"line":129,"column":31},"end":{"line":133,"column":17}},"line":129},"13":{"name":"(anonymous_13)","decl":{"start":{"line":161,"column":35},"end":{"line":161,"column":36}},"loc":{"start":{"line":162,"column":18},"end":{"line":178,"column":23}},"line":162},"14":{"name":"(anonymous_14)","decl":{"start":{"line":170,"column":93},"end":{"line":170,"column":94}},"loc":{"start":{"line":170,"column":99},"end":{"line":170,"column":114}},"line":170},"15":{"name":"(anonymous_15)","decl":{"start":{"line":173,"column":94},"end":{"line":173,"column":95}},"loc":{"start":{"line":173,"column":100},"end":{"line":173,"column":119}},"line":173},"16":{"name":"(anonymous_16)","decl":{"start":{"line":186,"column":65},"end":{"line":186,"column":66}},"loc":{"start":{"line":186,"column":71},"end":{"line":186,"column":88}},"line":186},"17":{"name":"(anonymous_17)","decl":{"start":{"line":189,"column":20},"end":{"line":189,"column":21}},"loc":{"start":{"line":189,"column":26},"end":{"line":189,"column":43}},"line":189},"18":{"name":"(anonymous_18)","decl":{"start":{"line":191,"column":19},"end":{"line":191,"column":20}},"loc":{"start":{"line":191,"column":31},"end":{"line":195,"column":11}},"line":191},"19":{"name":"(anonymous_19)","decl":{"start":{"line":199,"column":72},"end":{"line":199,"column":73}},"loc":{"start":{"line":199,"column":78},"end":{"line":199,"column":99}},"line":199},"20":{"name":"(anonymous_20)","decl":{"start":{"line":202,"column":68},"end":{"line":202,"column":69}},"loc":{"start":{"line":202,"column":74},"end":{"line":202,"column":95}},"line":202},"21":{"name":"(anonymous_21)","decl":{"start":{"line":208,"column":21},"end":{"line":208,"column":22}},"loc":{"start":{"line":208,"column":33},"end":{"line":219,"column":13}},"line":208},"22":{"name":"(anonymous_22)","decl":{"start":{"line":226,"column":38},"end":{"line":226,"column":39}},"loc":{"start":{"line":226,"column":44},"end":{"line":226,"column":58}},"line":226},"23":{"name":"EditItemForm","decl":{"start":{"line":231,"column":9},"end":{"line":231,"column":21}},"loc":{"start":{"line":231,"column":60},"end":{"line":282,"column":1}},"line":231},"24":{"name":"(anonymous_24)","decl":{"start":{"line":235,"column":12},"end":{"line":235,"column":13}},"loc":{"start":{"line":235,"column":18},"end":{"line":240,"column":3}},"line":235},"25":{"name":"(anonymous_25)","decl":{"start":{"line":245,"column":16},"end":{"line":245,"column":17}},"loc":{"start":{"line":245,"column":29},"end":{"line":254,"column":7}},"line":245},"26":{"name":"(anonymous_26)","decl":{"start":{"line":263,"column":58},"end":{"line":263,"column":59}},"loc":{"start":{"line":263,"column":65},"end":{"line":263,"column":88}},"line":263},"27":{"name":"(anonymous_27)","decl":{"start":{"line":269,"column":75},"end":{"line":269,"column":76}},"loc":{"start":{"line":269,"column":82},"end":{"line":269,"column":112}},"line":269},"28":{"name":"Modal","decl":{"start":{"line":284,"column":9},"end":{"line":284,"column":14}},"loc":{"start":{"line":284,"column":51},"end":{"line":300,"column":1}},"line":284},"29":{"name":"Toast","decl":{"start":{"line":302,"column":9},"end":{"line":302,"column":14}},"loc":{"start":{"line":302,"column":37},"end":{"line":318,"column":1}},"line":302},"30":{"name":"(anonymous_30)","decl":{"start":{"line":303,"column":12},"end":{"line":303,"column":13}},"loc":{"start":{"line":303,"column":18},"end":{"line":307,"column":3}},"line":303},"31":{"name":"(anonymous_31)","decl":{"start":{"line":306,"column":11},"end":{"line":306,"column":12}},"loc":{"start":{"line":306,"column":17},"end":{"line":306,"column":32}},"line":306}},"branchMap":{"0":{"loc":{"start":{"line":26,"column":15},"end":{"line":26,"column":64}},"type":"cond-expr","locations":[{"start":{"line":26,"column":36},"end":{"line":26,"column":45}},{"start":{"line":26,"column":48},"end":{"line":26,"column":64}}],"line":26},"1":{"loc":{"start":{"line":38,"column":4},"end":{"line":38,"column":24}},"type":"if","locations":[{"start":{"line":38,"column":4},"end":{"line":38,"column":24}},{"start":{},"end":{}}],"line":38},"2":{"loc":{"start":{"line":40,"column":42},"end":{"line":40,"column":62}},"type":"binary-expr","locations":[{"start":{"line":40,"column":42},"end":{"line":40,"column":56}},{"start":{"line":40,"column":60},"end":{"line":40,"column":62}}],"line":40},"3":{"loc":{"start":{"line":49,"column":4},"end":{"line":52,"column":5}},"type":"if","locations":[{"start":{"line":49,"column":4},"end":{"line":52,"column":5}},{"start":{},"end":{}}],"line":49},"4":{"loc":{"start":{"line":49,"column":8},"end":{"line":49,"column":31}},"type":"binary-expr","locations":[{"start":{"line":49,"column":8},"end":{"line":49,"column":17}},{"start":{"line":49,"column":21},"end":{"line":49,"column":31}}],"line":49},"5":{"loc":{"start":{"line":58,"column":21},"end":{"line":58,"column":72}},"type":"cond-expr","locations":[{"start":{"line":58,"column":42},"end":{"line":58,"column":60}},{"start":{"line":58,"column":63},"end":{"line":58,"column":72}}],"line":58},"6":{"loc":{"start":{"line":66,"column":15},"end":{"line":66,"column":63}},"type":"cond-expr","locations":[{"start":{"line":66,"column":36},"end":{"line":66,"column":45}},{"start":{"line":66,"column":48},"end":{"line":66,"column":63}}],"line":66},"7":{"loc":{"start":{"line":79,"column":7},"end":{"line":79,"column":71}},"type":"cond-expr","locations":[{"start":{"line":79,"column":15},"end":{"line":79,"column":64}},{"start":{"line":79,"column":67},"end":{"line":79,"column":71}}],"line":79},"8":{"loc":{"start":{"line":80,"column":7},"end":{"line":80,"column":61}},"type":"cond-expr","locations":[{"start":{"line":80,"column":17},"end":{"line":80,"column":54}},{"start":{"line":80,"column":57},"end":{"line":80,"column":61}}],"line":80},"9":{"loc":{"start":{"line":165,"column":52},"end":{"line":165,"column":72}},"type":"binary-expr","locations":[{"start":{"line":165,"column":52},"end":{"line":165,"column":66}},{"start":{"line":165,"column":70},"end":{"line":165,"column":72}}],"line":165},"10":{"loc":{"start":{"line":166,"column":23},"end":{"line":166,"column":43}},"type":"binary-expr","locations":[{"start":{"line":166,"column":23},"end":{"line":166,"column":37}},{"start":{"line":166,"column":41},"end":{"line":166,"column":43}}],"line":166},"11":{"loc":{"start":{"line":209,"column":14},"end":{"line":209,"column":39}},"type":"if","locations":[{"start":{"line":209,"column":14},"end":{"line":209,"column":39}},{"start":{},"end":{}}],"line":209},"12":{"loc":{"start":{"line":217,"column":25},"end":{"line":217,"column":73}},"type":"cond-expr","locations":[{"start":{"line":217,"column":46},"end":{"line":217,"column":55}},{"start":{"line":217,"column":58},"end":{"line":217,"column":73}}],"line":217},"13":{"loc":{"start":{"line":236,"column":4},"end":{"line":239,"column":5}},"type":"if","locations":[{"start":{"line":236,"column":4},"end":{"line":239,"column":5}},{"start":{},"end":{}}],"line":236},"14":{"loc":{"start":{"line":237,"column":14},"end":{"line":237,"column":29}},"type":"binary-expr","locations":[{"start":{"line":237,"column":14},"end":{"line":237,"column":23}},{"start":{"line":237,"column":27},"end":{"line":237,"column":29}}],"line":237},"15":{"loc":{"start":{"line":238,"column":21},"end":{"line":238,"column":43}},"type":"binary-expr","locations":[{"start":{"line":238,"column":21},"end":{"line":238,"column":37}},{"start":{"line":238,"column":41},"end":{"line":238,"column":43}}],"line":238},"16":{"loc":{"start":{"line":247,"column":8},"end":{"line":247,"column":25}},"type":"if","locations":[{"start":{"line":247,"column":8},"end":{"line":247,"column":25}},{"start":{},"end":{}}],"line":247},"17":{"loc":{"start":{"line":249,"column":70},"end":{"line":249,"column":121}},"type":"cond-expr","locations":[{"start":{"line":249,"column":91},"end":{"line":249,"column":109}},{"start":{"line":249,"column":112},"end":{"line":249,"column":121}}],"line":249},"18":{"loc":{"start":{"line":252,"column":18},"end":{"line":252,"column":70}},"type":"cond-expr","locations":[{"start":{"line":252,"column":41},"end":{"line":252,"column":52}},{"start":{"line":252,"column":55},"end":{"line":252,"column":70}}],"line":252},"19":{"loc":{"start":{"line":259,"column":42},"end":{"line":259,"column":57}},"type":"binary-expr","locations":[{"start":{"line":259,"column":42},"end":{"line":259,"column":51}},{"start":{"line":259,"column":55},"end":{"line":259,"column":57}}],"line":259},"20":{"loc":{"start":{"line":285,"column":2},"end":{"line":285,"column":24}},"type":"if","locations":[{"start":{"line":285,"column":2},"end":{"line":285,"column":24}},{"start":{},"end":{}}],"line":285},"21":{"loc":{"start":{"line":304,"column":4},"end":{"line":304,"column":24}},"type":"if","locations":[{"start":{"line":304,"column":4},"end":{"line":304,"column":24}},{"start":{},"end":{}}],"line":304},"22":{"loc":{"start":{"line":309,"column":2},"end":{"line":309,"column":27}},"type":"if","locations":[{"start":{"line":309,"column":2},"end":{"line":309,"column":27}},{"start":{},"end":{}}],"line":309}},"s":{"0":32,"1":32,"2":32,"3":32,"4":32,"5":32,"6":32,"7":32,"8":32,"9":32,"10":7,"11":7,"12":7,"13":7,"14":6,"15":1,"16":7,"17":32,"18":5,"19":32,"20":12,"21":12,"22":11,"23":1,"24":2,"25":2,"26":2,"27":2,"28":2,"29":2,"30":1,"31":1,"32":1,"33":1,"34":1,"35":1,"36":1,"37":1,"38":1,"39":0,"40":32,"41":1,"42":2,"43":0,"44":0,"45":2,"46":2,"47":1,"48":1,"49":1,"50":16,"51":1,"52":1,"53":0,"54":0,"55":1,"56":1,"57":1,"58":0,"59":0,"60":1,"61":0,"62":1,"63":1,"64":1,"65":0,"66":0,"67":0,"68":1,"69":1,"70":3,"71":3,"72":3,"73":1,"74":1,"75":1,"76":3,"77":1,"78":1,"79":0,"80":1,"81":1,"82":1,"83":0,"84":1,"85":0,"86":62,"87":59,"88":3,"89":31,"90":31,"91":29,"92":2,"93":2,"94":2,"95":31,"96":29,"97":2},"f":{"0":32,"1":7,"2":5,"3":12,"4":2,"5":2,"6":1,"7":2,"8":0,"9":0,"10":2,"11":2,"12":1,"13":16,"14":1,"15":1,"16":0,"17":0,"18":1,"19":0,"20":0,"21":1,"22":1,"23":3,"24":1,"25":1,"26":1,"27":0,"28":62,"29":31,"30":31,"31":2},"b":{"0":[1,0],"1":[11,1],"2":[2,1],"3":[1,1],"4":[2,1],"5":[0,1],"6":[0,0],"7":[6,26],"8":[5,27],"9":[16,1],"10":[16,1],"11":[0,1],"12":[1,0],"13":[1,0],"14":[1,0],"15":[1,0],"16":[0,1],"17":[1,0],"18":[0,0],"19":[3,0],"20":[59,3],"21":[29,2],"22":[29,2]},"_coverageSchema":"1a1c01bbd47fc00a2c39e90264f33305004495a9","hash":"8bf13a953749554332cbdd9d702d2790b76552a9"}
,"D:\\pro\\smart-inventory-frontend\\src\\pages\\LocationsPage.jsx": {"path":"D:\\pro\\smart-inventory-frontend\\src\\pages\\LocationsPage.jsx","statementMap":{"0":{"start":{"line":4,"column":23},"end":{"line":4,"column":76}},"1":{"start":{"line":7,"column":36},"end":{"line":7,"column":48}},"2":{"start":{"line":8,"column":28},"end":{"line":8,"column":42}},"3":{"start":{"line":9,"column":32},"end":{"line":9,"column":47}},"4":{"start":{"line":10,"column":28},"end":{"line":10,"column":40}},"5":{"start":{"line":12,"column":38},"end":{"line":12,"column":53}},"6":{"start":{"line":13,"column":42},"end":{"line":13,"column":56}},"7":{"start":{"line":14,"column":42},"end":{"line":14,"column":56}},"8":{"start":{"line":16,"column":28},"end":{"line":16,"column":42}},"9":{"start":{"line":19,"column":4},"end":{"line":19,"column":20}},"10":{"start":{"line":20,"column":4},"end":{"line":20,"column":18}},"11":{"start":{"line":21,"column":4},"end":{"line":27,"column":5}},"12":{"start":{"line":22,"column":6},"end":{"line":22,"column":41}},"13":{"start":{"line":24,"column":6},"end":{"line":24,"column":65}},"14":{"start":{"line":26,"column":6},"end":{"line":26,"column":23}},"15":{"start":{"line":30,"column":2},"end":{"line":32,"column":8}},"16":{"start":{"line":31,"column":4},"end":{"line":31,"column":18}},"17":{"start":{"line":34,"column":28},"end":{"line":41,"column":24}},"18":{"start":{"line":35,"column":14},"end":{"line":35,"column":40}},"19":{"start":{"line":36,"column":4},"end":{"line":36,"column":28}},"20":{"start":{"line":36,"column":12},"end":{"line":36,"column":28}},"21":{"start":{"line":37,"column":4},"end":{"line":40,"column":6}},"22":{"start":{"line":38,"column":18},"end":{"line":38,"column":63}},"23":{"start":{"line":39,"column":6},"end":{"line":39,"column":28}},"24":{"start":{"line":43,"column":2},"end":{"line":166,"column":3}},"25":{"start":{"line":51,"column":63},"end":{"line":51,"column":82}},"26":{"start":{"line":68,"column":31},"end":{"line":68,"column":55}},"27":{"start":{"line":86,"column":16},"end":{"line":102,"column":21}},"28":{"start":{"line":94,"column":97},"end":{"line":94,"column":115}},"29":{"start":{"line":97,"column":98},"end":{"line":97,"column":116}},"30":{"start":{"line":109,"column":67},"end":{"line":109,"column":87}},"31":{"start":{"line":113,"column":26},"end":{"line":113,"column":46}},"32":{"start":{"line":116,"column":12},"end":{"line":116,"column":32}},"33":{"start":{"line":117,"column":12},"end":{"line":117,"column":27}},"34":{"start":{"line":118,"column":12},"end":{"line":118,"column":40}},"35":{"start":{"line":123,"column":79},"end":{"line":123,"column":100}},"36":{"start":{"line":127,"column":26},"end":{"line":127,"column":47}},"37":{"start":{"line":130,"column":12},"end":{"line":130,"column":33}},"38":{"start":{"line":131,"column":12},"end":{"line":131,"column":27}},"39":{"start":{"line":132,"column":12},"end":{"line":132,"column":40}},"40":{"start":{"line":137,"column":82},"end":{"line":137,"column":103}},"41":{"start":{"line":140,"column":74},"end":{"line":140,"column":95}},"42":{"start":{"line":147,"column":14},"end":{"line":147,"column":39}},"43":{"start":{"line":147,"column":33},"end":{"line":147,"column":39}},"44":{"start":{"line":148,"column":14},"end":{"line":148,"column":28}},"45":{"start":{"line":149,"column":14},"end":{"line":156,"column":15}},"46":{"start":{"line":150,"column":16},"end":{"line":150,"column":53}},"47":{"start":{"line":151,"column":16},"end":{"line":151,"column":37}},"48":{"start":{"line":152,"column":16},"end":{"line":152,"column":31}},"49":{"start":{"line":153,"column":16},"end":{"line":153,"column":44}},"50":{"start":{"line":155,"column":16},"end":{"line":155,"column":74}},"51":{"start":{"line":164,"column":44},"end":{"line":164,"column":58}},"52":{"start":{"line":170,"column":26},"end":{"line":170,"column":38}},"53":{"start":{"line":171,"column":26},"end":{"line":171,"column":38}},"54":{"start":{"line":172,"column":26},"end":{"line":172,"column":47}},"55":{"start":{"line":174,"column":2},"end":{"line":185,"column":22}},"56":{"start":{"line":175,"column":4},"end":{"line":179,"column":5}},"57":{"start":{"line":176,"column":6},"end":{"line":176,"column":34}},"58":{"start":{"line":177,"column":6},"end":{"line":177,"column":34}},"59":{"start":{"line":178,"column":6},"end":{"line":178,"column":43}},"60":{"start":{"line":180,"column":4},"end":{"line":184,"column":5}},"61":{"start":{"line":181,"column":6},"end":{"line":181,"column":17}},"62":{"start":{"line":182,"column":6},"end":{"line":182,"column":17}},"63":{"start":{"line":183,"column":6},"end":{"line":183,"column":26}},"64":{"start":{"line":187,"column":2},"end":{"line":252,"column":3}},"65":{"start":{"line":191,"column":8},"end":{"line":191,"column":26}},"66":{"start":{"line":192,"column":26},"end":{"line":192,"column":37}},"67":{"start":{"line":193,"column":26},"end":{"line":193,"column":37}},"68":{"start":{"line":194,"column":8},"end":{"line":197,"column":9}},"69":{"start":{"line":195,"column":10},"end":{"line":195,"column":47}},"70":{"start":{"line":196,"column":10},"end":{"line":196,"column":16}},"71":{"start":{"line":198,"column":8},"end":{"line":201,"column":9}},"72":{"start":{"line":199,"column":10},"end":{"line":199,"column":37}},"73":{"start":{"line":200,"column":10},"end":{"line":200,"column":16}},"74":{"start":{"line":203,"column":8},"end":{"line":212,"column":9}},"75":{"start":{"line":204,"column":10},"end":{"line":208,"column":11}},"76":{"start":{"line":205,"column":12},"end":{"line":205,"column":76}},"77":{"start":{"line":207,"column":12},"end":{"line":207,"column":72}},"78":{"start":{"line":209,"column":10},"end":{"line":209,"column":19}},"79":{"start":{"line":211,"column":10},"end":{"line":211,"column":69}},"80":{"start":{"line":221,"column":29},"end":{"line":221,"column":52}},"81":{"start":{"line":228,"column":65},"end":{"line":228,"column":88}},"82":{"start":{"line":234,"column":64},"end":{"line":234,"column":87}},"83":{"start":{"line":236,"column":12},"end":{"line":238,"column":21}},"84":{"start":{"line":256,"column":2},"end":{"line":256,"column":24}},"85":{"start":{"line":256,"column":13},"end":{"line":256,"column":24}},"86":{"start":{"line":257,"column":2},"end":{"line":270,"column":3}},"87":{"start":{"line":274,"column":2},"end":{"line":278,"column":24}},"88":{"start":{"line":275,"column":4},"end":{"line":275,"column":24}},"89":{"start":{"line":275,"column":18},"end":{"line":275,"column":24}},"90":{"start":{"line":276,"column":14},"end":{"line":276,"column":39}},"91":{"start":{"line":277,"column":4},"end":{"line":277,"column":32}},"92":{"start":{"line":277,"column":17},"end":{"line":277,"column":32}},"93":{"start":{"line":280,"column":2},"end":{"line":280,"column":27}},"94":{"start":{"line":280,"column":16},"end":{"line":280,"column":27}},"95":{"start":{"line":281,"column":2},"end":{"line":288,"column":3}}},"fnMap":{"0":{"name":"LocationsPage","decl":{"start":{"line":6,"column":24},"end":{"line":6,"column":37}},"loc":{"start":{"line":6,"column":40},"end":{"line":167,"column":1}},"line":6},"1":{"name":"refresh","decl":{"start":{"line":18,"column":17},"end":{"line":18,"column":24}},"loc":{"start":{"line":18,"column":27},"end":{"line":28,"column":3}},"line":18},"2":{"name":"(anonymous_2)","decl":{"start":{"line":30,"column":12},"end":{"line":30,"column":13}},"loc":{"start":{"line":30,"column":18},"end":{"line":32,"column":3}},"line":30},"3":{"name":"(anonymous_3)","decl":{"start":{"line":34,"column":36},"end":{"line":34,"column":37}},"loc":{"start":{"line":34,"column":42},"end":{"line":41,"column":3}},"line":34},"4":{"name":"(anonymous_4)","decl":{"start":{"line":37,"column":28},"end":{"line":37,"column":29}},"loc":{"start":{"line":37,"column":35},"end":{"line":40,"column":5}},"line":37},"5":{"name":"(anonymous_5)","decl":{"start":{"line":51,"column":57},"end":{"line":51,"column":58}},"loc":{"start":{"line":51,"column":63},"end":{"line":51,"column":82}},"line":51},"6":{"name":"(anonymous_6)","decl":{"start":{"line":68,"column":24},"end":{"line":68,"column":25}},"loc":{"start":{"line":68,"column":31},"end":{"line":68,"column":55}},"line":68},"7":{"name":"(anonymous_7)","decl":{"start":{"line":85,"column":37},"end":{"line":85,"column":38}},"loc":{"start":{"line":86,"column":16},"end":{"line":102,"column":21}},"line":86},"8":{"name":"(anonymous_8)","decl":{"start":{"line":94,"column":91},"end":{"line":94,"column":92}},"loc":{"start":{"line":94,"column":97},"end":{"line":94,"column":115}},"line":94},"9":{"name":"(anonymous_9)","decl":{"start":{"line":97,"column":92},"end":{"line":97,"column":93}},"loc":{"start":{"line":97,"column":98},"end":{"line":97,"column":116}},"line":97},"10":{"name":"(anonymous_10)","decl":{"start":{"line":109,"column":61},"end":{"line":109,"column":62}},"loc":{"start":{"line":109,"column":67},"end":{"line":109,"column":87}},"line":109},"11":{"name":"(anonymous_11)","decl":{"start":{"line":113,"column":20},"end":{"line":113,"column":21}},"loc":{"start":{"line":113,"column":26},"end":{"line":113,"column":46}},"line":113},"12":{"name":"(anonymous_12)","decl":{"start":{"line":115,"column":19},"end":{"line":115,"column":20}},"loc":{"start":{"line":115,"column":31},"end":{"line":119,"column":11}},"line":115},"13":{"name":"(anonymous_13)","decl":{"start":{"line":123,"column":73},"end":{"line":123,"column":74}},"loc":{"start":{"line":123,"column":79},"end":{"line":123,"column":100}},"line":123},"14":{"name":"(anonymous_14)","decl":{"start":{"line":127,"column":20},"end":{"line":127,"column":21}},"loc":{"start":{"line":127,"column":26},"end":{"line":127,"column":47}},"line":127},"15":{"name":"(anonymous_15)","decl":{"start":{"line":129,"column":19},"end":{"line":129,"column":20}},"loc":{"start":{"line":129,"column":31},"end":{"line":133,"column":11}},"line":129},"16":{"name":"(anonymous_16)","decl":{"start":{"line":137,"column":76},"end":{"line":137,"column":77}},"loc":{"start":{"line":137,"column":82},"end":{"line":137,"column":103}},"line":137},"17":{"name":"(anonymous_17)","decl":{"start":{"line":140,"column":68},"end":{"line":140,"column":69}},"loc":{"start":{"line":140,"column":74},"end":{"line":140,"column":95}},"line":140},"18":{"name":"(anonymous_18)","decl":{"start":{"line":146,"column":21},"end":{"line":146,"column":22}},"loc":{"start":{"line":146,"column":33},"end":{"line":157,"column":13}},"line":146},"19":{"name":"(anonymous_19)","decl":{"start":{"line":164,"column":38},"end":{"line":164,"column":39}},"loc":{"start":{"line":164,"column":44},"end":{"line":164,"column":58}},"line":164},"20":{"name":"LocationForm","decl":{"start":{"line":169,"column":9},"end":{"line":169,"column":21}},"loc":{"start":{"line":169,"column":70},"end":{"line":253,"column":1}},"line":169},"21":{"name":"(anonymous_21)","decl":{"start":{"line":174,"column":12},"end":{"line":174,"column":13}},"loc":{"start":{"line":174,"column":18},"end":{"line":185,"column":3}},"line":174},"22":{"name":"(anonymous_22)","decl":{"start":{"line":190,"column":16},"end":{"line":190,"column":17}},"loc":{"start":{"line":190,"column":29},"end":{"line":213,"column":7}},"line":190},"23":{"name":"(anonymous_23)","decl":{"start":{"line":221,"column":22},"end":{"line":221,"column":23}},"loc":{"start":{"line":221,"column":29},"end":{"line":221,"column":52}},"line":221},"24":{"name":"(anonymous_24)","decl":{"start":{"line":228,"column":58},"end":{"line":228,"column":59}},"loc":{"start":{"line":228,"column":65},"end":{"line":228,"column":88}},"line":228},"25":{"name":"(anonymous_25)","decl":{"start":{"line":234,"column":57},"end":{"line":234,"column":58}},"loc":{"start":{"line":234,"column":64},"end":{"line":234,"column":87}},"line":234},"26":{"name":"(anonymous_26)","decl":{"start":{"line":235,"column":30},"end":{"line":235,"column":31}},"loc":{"start":{"line":236,"column":12},"end":{"line":238,"column":21}},"line":236},"27":{"name":"Modal","decl":{"start":{"line":255,"column":9},"end":{"line":255,"column":14}},"loc":{"start":{"line":255,"column":51},"end":{"line":271,"column":1}},"line":255},"28":{"name":"Toast","decl":{"start":{"line":273,"column":9},"end":{"line":273,"column":14}},"loc":{"start":{"line":273,"column":37},"end":{"line":289,"column":1}},"line":273},"29":{"name":"(anonymous_29)","decl":{"start":{"line":274,"column":12},"end":{"line":274,"column":13}},"loc":{"start":{"line":274,"column":18},"end":{"line":278,"column":3}},"line":274},"30":{"name":"(anonymous_30)","decl":{"start":{"line":277,"column":11},"end":{"line":277,"column":12}},"loc":{"start":{"line":277,"column":17},"end":{"line":277,"column":32}},"line":277}},"branchMap":{"0":{"loc":{"start":{"line":24,"column":15},"end":{"line":24,"column":64}},"type":"cond-expr","locations":[{"start":{"line":24,"column":36},"end":{"line":24,"column":45}},{"start":{"line":24,"column":48},"end":{"line":24,"column":64}}],"line":24},"1":{"loc":{"start":{"line":36,"column":4},"end":{"line":36,"column":28}},"type":"if","locations":[{"start":{"line":36,"column":4},"end":{"line":36,"column":28}},{"start":{},"end":{}}],"line":36},"2":{"loc":{"start":{"line":57,"column":7},"end":{"line":57,"column":71}},"type":"cond-expr","locations":[{"start":{"line":57,"column":15},"end":{"line":57,"column":64}},{"start":{"line":57,"column":67},"end":{"line":57,"column":71}}],"line":57},"3":{"loc":{"start":{"line":58,"column":7},"end":{"line":58,"column":61}},"type":"cond-expr","locations":[{"start":{"line":58,"column":17},"end":{"line":58,"column":54}},{"start":{"line":58,"column":57},"end":{"line":58,"column":61}}],"line":58},"4":{"loc":{"start":{"line":147,"column":14},"end":{"line":147,"column":39}},"type":"if","locations":[{"start":{"line":147,"column":14},"end":{"line":147,"column":39}},{"start":{},"end":{}}],"line":147},"5":{"loc":{"start":{"line":155,"column":25},"end":{"line":155,"column":73}},"type":"cond-expr","locations":[{"start":{"line":155,"column":46},"end":{"line":155,"column":55}},{"start":{"line":155,"column":58},"end":{"line":155,"column":73}}],"line":155},"6":{"loc":{"start":{"line":175,"column":4},"end":{"line":179,"column":5}},"type":"if","locations":[{"start":{"line":175,"column":4},"end":{"line":179,"column":5}},{"start":{},"end":{}}],"line":175},"7":{"loc":{"start":{"line":175,"column":8},"end":{"line":175,"column":35}},"type":"binary-expr","locations":[{"start":{"line":175,"column":8},"end":{"line":175,"column":23}},{"start":{"line":175,"column":27},"end":{"line":175,"column":35}}],"line":175},"8":{"loc":{"start":{"line":176,"column":14},"end":{"line":176,"column":33}},"type":"binary-expr","locations":[{"start":{"line":176,"column":14},"end":{"line":176,"column":27}},{"start":{"line":176,"column":31},"end":{"line":176,"column":33}}],"line":176},"9":{"loc":{"start":{"line":177,"column":14},"end":{"line":177,"column":33}},"type":"binary-expr","locations":[{"start":{"line":177,"column":14},"end":{"line":177,"column":27}},{"start":{"line":177,"column":31},"end":{"line":177,"column":33}}],"line":177},"10":{"loc":{"start":{"line":178,"column":14},"end":{"line":178,"column":42}},"type":"binary-expr","locations":[{"start":{"line":178,"column":14},"end":{"line":178,"column":27}},{"start":{"line":178,"column":31},"end":{"line":178,"column":42}}],"line":178},"11":{"loc":{"start":{"line":180,"column":4},"end":{"line":184,"column":5}},"type":"if","locations":[{"start":{"line":180,"column":4},"end":{"line":184,"column":5}},{"start":{},"end":{}}],"line":180},"12":{"loc":{"start":{"line":194,"column":8},"end":{"line":197,"column":9}},"type":"if","locations":[{"start":{"line":194,"column":8},"end":{"line":197,"column":9}},{"start":{},"end":{}}],"line":194},"13":{"loc":{"start":{"line":194,"column":12},"end":{"line":194,"column":59}},"type":"binary-expr","locations":[{"start":{"line":194,"column":12},"end":{"line":194,"column":29}},{"start":{"line":194,"column":34},"end":{"line":194,"column":44}},{"start":{"line":194,"column":48},"end":{"line":194,"column":58}}],"line":194},"14":{"loc":{"start":{"line":198,"column":8},"end":{"line":201,"column":9}},"type":"if","locations":[{"start":{"line":198,"column":8},"end":{"line":201,"column":9}},{"start":{},"end":{}}],"line":198},"15":{"loc":{"start":{"line":198,"column":12},"end":{"line":198,"column":41}},"type":"binary-expr","locations":[{"start":{"line":198,"column":12},"end":{"line":198,"column":27}},{"start":{"line":198,"column":31},"end":{"line":198,"column":41}}],"line":198},"16":{"loc":{"start":{"line":204,"column":10},"end":{"line":208,"column":11}},"type":"if","locations":[{"start":{"line":204,"column":10},"end":{"line":208,"column":11}},{"start":{"line":206,"column":17},"end":{"line":208,"column":11}}],"line":204},"17":{"loc":{"start":{"line":211,"column":18},"end":{"line":211,"column":68}},"type":"cond-expr","locations":[{"start":{"line":211,"column":41},"end":{"line":211,"column":52}},{"start":{"line":211,"column":55},"end":{"line":211,"column":68}}],"line":211},"18":{"loc":{"start":{"line":220,"column":19},"end":{"line":220,"column":66}},"type":"cond-expr","locations":[{"start":{"line":220,"column":38},"end":{"line":220,"column":58}},{"start":{"line":220,"column":62},"end":{"line":220,"column":66}}],"line":220},"19":{"loc":{"start":{"line":220,"column":38},"end":{"line":220,"column":58}},"type":"binary-expr","locations":[{"start":{"line":220,"column":38},"end":{"line":220,"column":52}},{"start":{"line":220,"column":56},"end":{"line":220,"column":58}}],"line":220},"20":{"loc":{"start":{"line":248,"column":11},"end":{"line":248,"column":48}},"type":"cond-expr","locations":[{"start":{"line":248,"column":31},"end":{"line":248,"column":39}},{"start":{"line":248,"column":42},"end":{"line":248,"column":48}}],"line":248},"21":{"loc":{"start":{"line":256,"column":2},"end":{"line":256,"column":24}},"type":"if","locations":[{"start":{"line":256,"column":2},"end":{"line":256,"column":24}},{"start":{},"end":{}}],"line":256},"22":{"loc":{"start":{"line":275,"column":4},"end":{"line":275,"column":24}},"type":"if","locations":[{"start":{"line":275,"column":4},"end":{"line":275,"column":24}},{"start":{},"end":{}}],"line":275},"23":{"loc":{"start":{"line":280,"column":2},"end":{"line":280,"column":27}},"type":"if","locations":[{"start":{"line":280,"column":2},"end":{"line":280,"column":27}},{"start":{},"end":{}}],"line":280}},"s":{"0":2,"1":23,"2":23,"3":23,"4":23,"5":23,"6":23,"7":23,"8":23,"9":6,"10":6,"11":6,"12":6,"13":1,"14":6,"15":23,"16":4,"17":23,"18":10,"19":10,"20":9,"21":1,"22":2,"23":2,"24":23,"25":1,"26":1,"27":12,"28":1,"29":1,"30":0,"31":0,"32":1,"33":1,"34":1,"35":0,"36":0,"37":1,"38":1,"39":1,"40":0,"41":0,"42":1,"43":0,"44":1,"45":1,"46":1,"47":0,"48":0,"49":0,"50":1,"51":1,"52":12,"53":12,"54":12,"55":12,"56":2,"57":1,"58":1,"59":1,"60":2,"61":1,"62":1,"63":1,"64":12,"65":4,"66":4,"67":4,"68":4,"69":1,"70":1,"71":3,"72":1,"73":1,"74":2,"75":2,"76":1,"77":1,"78":2,"79":0,"80":1,"81":3,"82":2,"83":72,"84":66,"85":60,"86":6,"87":22,"88":22,"89":18,"90":4,"91":4,"92":4,"93":22,"94":18,"95":4},"f":{"0":23,"1":6,"2":4,"3":10,"4":2,"5":1,"6":1,"7":12,"8":1,"9":1,"10":0,"11":0,"12":1,"13":0,"14":0,"15":1,"16":0,"17":0,"18":1,"19":1,"20":12,"21":2,"22":4,"23":1,"24":3,"25":2,"26":72,"27":66,"28":22,"29":22,"30":4},"b":{"0":[1,0],"1":[9,1],"2":[4,19],"3":[4,19],"4":[0,1],"5":[1,0],"6":[1,1],"7":[2,1],"8":[1,0],"9":[1,0],"10":[1,0],"11":[1,1],"12":[1,3],"13":[4,2,1],"14":[1,2],"15":[3,2],"16":[1,1],"17":[0,0],"18":[6,6],"19":[6,0],"20":[6,6],"21":[60,6],"22":[18,4],"23":[18,4]},"_coverageSchema":"1a1c01bbd47fc00a2c39e90264f33305004495a9","hash":"1fdc17274e6f10b8c641e690ab3c69b132b00536"}
,"D:\\pro\\smart-inventory-frontend\\src\\testUtils\\render.js": {"path":"D:\\pro\\smart-inventory-frontend\\src\\testUtils\\render.js","statementMap":{"0":{"start":{"line":5,"column":20},"end":{"line":5,"column":49}},"1":{"start":{"line":6,"column":2},"end":{"line":6,"column":38}},"2":{"start":{"line":8,"column":15},"end":{"line":8,"column":36}},"3":{"start":{"line":10,"column":2},"end":{"line":12,"column":4}},"4":{"start":{"line":11,"column":4},"end":{"line":11,"column":24}},"5":{"start":{"line":14,"column":2},"end":{"line":28,"column":3}},"6":{"start":{"line":18,"column":6},"end":{"line":20,"column":8}},"7":{"start":{"line":19,"column":8},"end":{"line":19,"column":22}},"8":{"start":{"line":21,"column":6},"end":{"line":21,"column":24}},"9":{"start":{"line":24,"column":6},"end":{"line":26,"column":8}},"10":{"start":{"line":25,"column":8},"end":{"line":25,"column":32}},"11":{"start":{"line":32,"column":2},"end":{"line":34,"column":4}},"12":{"start":{"line":33,"column":4},"end":{"line":33,"column":27}}},"fnMap":{"0":{"name":"render","decl":{"start":{"line":4,"column":22},"end":{"line":4,"column":28}},"loc":{"start":{"line":4,"column":38},"end":{"line":29,"column":1}},"line":4},"1":{"name":"(anonymous_1)","decl":{"start":{"line":10,"column":12},"end":{"line":10,"column":13}},"loc":{"start":{"line":10,"column":24},"end":{"line":12,"column":3}},"line":10},"2":{"name":"(anonymous_2)","decl":{"start":{"line":17,"column":4},"end":{"line":17,"column":5}},"loc":{"start":{"line":17,"column":20},"end":{"line":22,"column":5}},"line":17},"3":{"name":"(anonymous_3)","decl":{"start":{"line":18,"column":16},"end":{"line":18,"column":17}},"loc":{"start":{"line":18,"column":28},"end":{"line":20,"column":7}},"line":18},"4":{"name":"(anonymous_4)","decl":{"start":{"line":23,"column":14},"end":{"line":23,"column":15}},"loc":{"start":{"line":23,"column":37},"end":{"line":27,"column":5}},"line":23},"5":{"name":"(anonymous_5)","decl":{"start":{"line":24,"column":16},"end":{"line":24,"column":17}},"loc":{"start":{"line":24,"column":28},"end":{"line":26,"column":7}},"line":24},"6":{"name":"flush","decl":{"start":{"line":31,"column":22},"end":{"line":31,"column":27}},"loc":{"start":{"line":31,"column":30},"end":{"line":35,"column":1}},"line":31},"7":{"name":"(anonymous_7)","decl":{"start":{"line":32,"column":12},"end":{"line":32,"column":13}},"loc":{"start":{"line":32,"column":24},"end":{"line":34,"column":3}},"line":32}},"branchMap":{},"s":{"0":13,"1":13,"2":13,"3":13,"4":13,"5":13,"6":13,"7":13,"8":13,"9":0,"10":0,"11":23,"12":23},"f":{"0":13,"1":13,"2":13,"3":13,"4":0,"5":0,"6":23,"7":23},"b":{},"_coverageSchema":"1a1c01bbd47fc00a2c39e90264f33305004495a9","hash":"ef85f8a53a890578c7717c3d2c9b8e264bd40614"}
}
