TN:
SF:src\App.jsx
FN:6,App
FNF:1
FNH:1
FNDA:2,App
DA:7,2
LF:1
LH:1
BRF:0
BRH:0
end_of_record
TN:
SF:src\index.js
FNF:0
FNH:0
DA:7,2
DA:8,2
DA:10,1
LF:3
LH:3
BRDA:8,0,0,1
BRDA:8,0,1,1
BRDA:12,1,0,1
BRDA:12,1,1,1
BRF:4
BRH:4
end_of_record
TN:
SF:src\api\client.js
FN:3,apiFetch
FNF:1
FNH:1
FNDA:7,apiFetch
DA:4,7
DA:6,7
DA:7,7
DA:16,1
DA:17,1
DA:27,6
DA:28,3
DA:29,3
DA:31,3
DA:32,1
DA:44,2
DA:45,1
DA:46,1
DA:47,1
DA:48,1
DA:50,0
DA:51,0
DA:55,0
DA:56,0
DA:58,0
DA:59,0
DA:66,2
DA:70,3
DA:72,2
DA:73,2
DA:74,2
DA:78,2
DA:79,0
DA:89,2
DA:90,1
DA:91,1
DA:95,1
LF:32
LH:25
BRDA:10,0,0,7
BRDA:10,0,1,7
BRDA:16,1,0,1
BRDA:16,1,1,0
BRDA:19,2,0,1
BRDA:19,2,1,0
BRDA:27,3,0,3
BRDA:27,3,1,3
BRDA:28,4,0,3
BRDA:28,4,1,0
BRDA:31,5,0,1
BRDA:31,5,1,2
BRDA:31,6,0,3
BRDA:31,6,1,2
BRDA:44,7,0,1
BRDA:44,7,1,1
BRDA:44,8,0,2
BRDA:44,8,1,1
BRDA:47,9,0,1
BRDA:47,9,1,0
BRDA:47,10,0,1
BRDA:47,10,1,1
BRDA:50,11,0,0
BRDA:50,11,1,0
BRDA:50,12,0,0
BRDA:50,12,1,0
BRDA:55,13,0,0
BRDA:55,13,1,0
BRDA:55,14,0,0
BRDA:55,14,1,0
BRDA:58,15,0,0
BRDA:58,15,1,0
BRDA:58,16,0,0
BRDA:58,16,1,0
BRDA:66,17,0,2
BRDA:66,17,1,0
BRDA:70,18,0,1
BRDA:70,18,1,2
BRDA:72,19,0,2
BRDA:72,19,1,0
BRDA:74,20,0,0
BRDA:74,20,1,2
BRDA:78,21,0,0
BRDA:78,21,1,2
BRDA:78,22,0,2
BRDA:78,22,1,2
BRDA:89,23,0,1
BRDA:89,23,1,1
BRDA:90,24,0,1
BRDA:90,24,1,0
BRDA:91,25,0,1
BRDA:91,25,1,0
BRF:52
BRH:30
end_of_record
TN:
SF:src\api\inventoryApi.js
FN:3,listItems
FN:7,createItem
FN:11,updateItem
FN:15,deleteItem
FN:20,listLocations
FN:24,createLocation
FN:28,updateLocation
FN:32,deleteLocation
FN:36,createMovement
FN:43,listMovements
FNF:10
FNH:10
FNDA:1,listItems
FNDA:1,createItem
FNDA:1,updateItem
FNDA:1,deleteItem
FNDA:1,listLocations
FNDA:1,createLocation
FNDA:1,updateLocation
FNDA:1,deleteLocation
FNDA:1,createMovement
FNDA:2,listMovements
DA:4,1
DA:8,1
DA:12,1
DA:16,1
DA:21,1
DA:25,1
DA:29,1
DA:33,1
DA:37,1
DA:44,2
DA:45,2
DA:46,2
DA:47,2
DA:48,2
DA:49,2
DA:50,2
LF:16
LH:16
BRDA:45,0,0,1
BRDA:45,0,1,1
BRDA:46,1,0,1
BRDA:46,1,1,1
BRDA:47,2,0,1
BRDA:47,2,1,1
BRDA:48,3,0,1
BRDA:48,3,1,1
BRDA:49,4,0,1
BRDA:49,4,1,1
BRF:10
BRH:10
end_of_record
TN:
SF:src\components\AppShell.jsx
FN:3,AppShell
FN:14,(anonymous_1)
FN:19,(anonymous_2)
FNF:3
FNH:3
FNDA:4,AppShell
FNDA:4,(anonymous_1)
FNDA:4,(anonymous_2)
DA:4,4
DA:14,4
DA:19,4
LF:3
LH:3
BRDA:14,0,0,2
BRDA:14,0,1,2
BRDA:19,1,0,2
BRDA:19,1,1,2
BRF:4
BRH:4
end_of_record
TN:
SF:src\config\api.js
FN:3,readEnv
FN:9,stripTrailingSlashes
FN:16,normalizeApiBase
FN:47,computeApiBaseUrl
FNF:4
FNH:4
FNDA:4,readEnv
FNDA:4,stripTrailingSlashes
FNDA:2,normalizeApiBase
FNDA:2,computeApiBaseUrl
DA:1,2
DA:5,4
DA:6,4
DA:10,4
DA:11,4
DA:12,4
DA:13,4
DA:17,2
DA:18,2
DA:22,2
DA:26,2
DA:27,2
DA:31,2
DA:32,2
DA:33,0
DA:36,2
DA:37,2
DA:38,0
DA:40,2
DA:43,0
DA:48,2
DA:55,2
DA:56,2
DA:59,2
DA:60,0
DA:61,0
DA:62,0
DA:63,0
DA:68,2
DA:73,0
DA:74,0
DA:75,0
DA:76,0
DA:81,0
DA:85,2
DA:89,2
DA:91,2
LF:37
LH:25
BRDA:5,0,0,4
BRDA:5,0,1,4
BRDA:5,0,2,2
BRDA:6,1,0,4
BRDA:6,1,1,0
BRDA:10,2,0,4
BRDA:10,2,1,0
BRDA:12,3,0,4
BRDA:12,3,1,4
BRDA:13,4,0,4
BRDA:13,4,1,0
BRDA:17,5,0,2
BRDA:17,5,1,0
BRDA:18,6,0,0
BRDA:18,6,1,2
BRDA:22,7,0,0
BRDA:22,7,1,2
BRDA:31,8,0,2
BRDA:31,8,1,2
BRDA:32,9,0,0
BRDA:32,9,1,2
BRDA:32,10,0,2
BRDA:32,10,1,2
BRDA:36,11,0,2
BRDA:36,11,1,0
BRDA:37,12,0,0
BRDA:37,12,1,2
BRDA:37,13,0,2
BRDA:37,13,1,2
BRDA:49,14,0,2
BRDA:49,14,1,2
BRDA:49,14,2,0
BRDA:49,14,3,0
BRDA:56,15,0,2
BRDA:56,15,1,0
BRDA:59,16,0,0
BRDA:59,16,1,2
BRDA:60,17,0,0
BRDA:60,17,1,0
BRDA:62,18,0,0
BRDA:62,18,1,0
BRDA:62,19,0,0
BRDA:62,19,1,0
BRDA:73,20,0,0
BRDA:73,20,1,0
BRDA:75,21,0,0
BRDA:75,21,1,0
BRDA:75,22,0,0
BRDA:75,22,1,0
BRDA:81,23,0,0
BRDA:81,23,1,0
BRDA:89,24,0,2
BRDA:89,24,1,0
BRF:53
BRH:25
end_of_record
TN:
SF:src\pages\ItemsPage.jsx
FN:4,ItemsPage
FN:19,refresh
FN:32,(anonymous_2)
FN:36,(anonymous_3)
FN:39,(anonymous_4)
FN:45,handleCreate
FN:91,(anonymous_6)
FN:103,(anonymous_7)
FN:104,(anonymous_8)
FN:104,(anonymous_9)
FN:110,(anonymous_10)
FN:120,(anonymous_11)
FN:129,(anonymous_12)
FN:161,(anonymous_13)
FN:170,(anonymous_14)
FN:173,(anonymous_15)
FN:186,(anonymous_16)
FN:189,(anonymous_17)
FN:191,(anonymous_18)
FN:199,(anonymous_19)
FN:202,(anonymous_20)
FN:208,(anonymous_21)
FN:226,(anonymous_22)
FN:231,EditItemForm
FN:235,(anonymous_24)
FN:245,(anonymous_25)
FN:263,(anonymous_26)
FN:269,(anonymous_27)
FN:284,Modal
FN:302,Toast
FN:303,(anonymous_30)
FN:306,(anonymous_31)
FNF:32
FNH:25
FNDA:32,ItemsPage
FNDA:7,refresh
FNDA:5,(anonymous_2)
FNDA:12,(anonymous_3)
FNDA:2,(anonymous_4)
FNDA:2,handleCreate
FNDA:1,(anonymous_6)
FNDA:2,(anonymous_7)
FNDA:0,(anonymous_8)
FNDA:0,(anonymous_9)
FNDA:2,(anonymous_10)
FNDA:2,(anonymous_11)
FNDA:1,(anonymous_12)
FNDA:16,(anonymous_13)
FNDA:1,(anonymous_14)
FNDA:1,(anonymous_15)
FNDA:0,(anonymous_16)
FNDA:0,(anonymous_17)
FNDA:1,(anonymous_18)
FNDA:0,(anonymous_19)
FNDA:0,(anonymous_20)
FNDA:1,(anonymous_21)
FNDA:1,(anonymous_22)
FNDA:3,EditItemForm
FNDA:1,(anonymous_24)
FNDA:1,(anonymous_25)
FNDA:1,(anonymous_26)
FNDA:0,(anonymous_27)
FNDA:62,Modal
FNDA:31,Toast
FNDA:31,(anonymous_30)
FNDA:2,(anonymous_31)
DA:5,32
DA:6,32
DA:7,32
DA:8,32
DA:10,32
DA:12,32
DA:13,32
DA:15,32
DA:16,32
DA:17,32
DA:20,7
DA:21,7
DA:22,7
DA:23,7
DA:24,6
DA:26,1
DA:28,7
DA:32,32
DA:33,5
DA:36,32
DA:37,12
DA:38,12
DA:39,1
DA:40,2
DA:41,2
DA:46,2
DA:47,2
DA:48,2
DA:49,2
DA:50,1
DA:51,1
DA:54,1
DA:55,1
DA:60,1
DA:61,1
DA:62,1
DA:63,1
DA:64,1
DA:66,0
DA:70,32
DA:91,1
DA:103,2
DA:104,0
DA:110,2
DA:120,2
DA:130,1
DA:131,1
DA:132,1
DA:162,16
DA:170,1
DA:173,1
DA:186,0
DA:189,0
DA:192,1
DA:193,1
DA:194,1
DA:199,0
DA:202,0
DA:209,1
DA:210,1
DA:211,1
DA:212,1
DA:213,0
DA:214,0
DA:215,0
DA:217,1
DA:226,1
DA:232,3
DA:233,3
DA:235,3
DA:236,1
DA:237,1
DA:238,1
DA:242,3
DA:246,1
DA:247,1
DA:248,1
DA:249,1
DA:250,1
DA:252,0
DA:263,1
DA:269,0
DA:285,62
DA:286,3
DA:303,31
DA:304,31
DA:305,2
DA:306,2
DA:309,31
DA:310,2
LF:90
LH:79
BRDA:26,0,0,1
BRDA:26,0,1,0
BRDA:38,1,0,11
BRDA:38,1,1,1
BRDA:40,2,0,2
BRDA:40,2,1,1
BRDA:49,3,0,1
BRDA:49,3,1,1
BRDA:49,4,0,2
BRDA:49,4,1,1
BRDA:58,5,0,0
BRDA:58,5,1,1
BRDA:66,6,0,0
BRDA:66,6,1,0
BRDA:79,7,0,6
BRDA:79,7,1,26
BRDA:80,8,0,5
BRDA:80,8,1,27
BRDA:165,9,0,16
BRDA:165,9,1,1
BRDA:166,10,0,16
BRDA:166,10,1,1
BRDA:209,11,0,0
BRDA:209,11,1,1
BRDA:217,12,0,1
BRDA:217,12,1,0
BRDA:236,13,0,1
BRDA:236,13,1,0
BRDA:237,14,0,1
BRDA:237,14,1,0
BRDA:238,15,0,1
BRDA:238,15,1,0
BRDA:247,16,0,0
BRDA:247,16,1,1
BRDA:249,17,0,1
BRDA:249,17,1,0
BRDA:252,18,0,0
BRDA:252,18,1,0
BRDA:259,19,0,3
BRDA:259,19,1,0
BRDA:285,20,0,59
BRDA:285,20,1,3
BRDA:304,21,0,29
BRDA:304,21,1,2
BRDA:309,22,0,29
BRDA:309,22,1,2
BRF:46
BRH:32
end_of_record
TN:
SF:src\pages\LocationsPage.jsx
FN:6,LocationsPage
FN:18,refresh
FN:30,(anonymous_2)
FN:34,(anonymous_3)
FN:37,(anonymous_4)
FN:51,(anonymous_5)
FN:68,(anonymous_6)
FN:85,(anonymous_7)
FN:94,(anonymous_8)
FN:97,(anonymous_9)
FN:109,(anonymous_10)
FN:113,(anonymous_11)
FN:115,(anonymous_12)
FN:123,(anonymous_13)
FN:127,(anonymous_14)
FN:129,(anonymous_15)
FN:137,(anonymous_16)
FN:140,(anonymous_17)
FN:146,(anonymous_18)
FN:164,(anonymous_19)
FN:169,LocationForm
FN:174,(anonymous_21)
FN:190,(anonymous_22)
FN:221,(anonymous_23)
FN:228,(anonymous_24)
FN:234,(anonymous_25)
FN:235,(anonymous_26)
FN:255,Modal
FN:273,Toast
FN:274,(anonymous_29)
FN:277,(anonymous_30)
FNF:31
FNH:25
FNDA:23,LocationsPage
FNDA:6,refresh
FNDA:4,(anonymous_2)
FNDA:10,(anonymous_3)
FNDA:2,(anonymous_4)
FNDA:1,(anonymous_5)
FNDA:1,(anonymous_6)
FNDA:12,(anonymous_7)
FNDA:1,(anonymous_8)
FNDA:1,(anonymous_9)
FNDA:0,(anonymous_10)
FNDA:0,(anonymous_11)
FNDA:1,(anonymous_12)
FNDA:0,(anonymous_13)
FNDA:0,(anonymous_14)
FNDA:1,(anonymous_15)
FNDA:0,(anonymous_16)
FNDA:0,(anonymous_17)
FNDA:1,(anonymous_18)
FNDA:1,(anonymous_19)
FNDA:12,LocationForm
FNDA:2,(anonymous_21)
FNDA:4,(anonymous_22)
FNDA:1,(anonymous_23)
FNDA:3,(anonymous_24)
FNDA:2,(anonymous_25)
FNDA:72,(anonymous_26)
FNDA:66,Modal
FNDA:22,Toast
FNDA:22,(anonymous_29)
FNDA:4,(anonymous_30)
DA:4,2
DA:7,23
DA:8,23
DA:9,23
DA:10,23
DA:12,23
DA:13,23
DA:14,23
DA:16,23
DA:19,6
DA:20,6
DA:21,6
DA:22,6
DA:24,1
DA:26,6
DA:30,23
DA:31,4
DA:34,23
DA:35,10
DA:36,10
DA:37,1
DA:38,2
DA:39,2
DA:43,23
DA:51,1
DA:68,1
DA:86,12
DA:94,1
DA:97,1
DA:109,0
DA:113,0
DA:116,1
DA:117,1
DA:118,1
DA:123,0
DA:127,0
DA:130,1
DA:131,1
DA:132,1
DA:137,0
DA:140,0
DA:147,1
DA:148,1
DA:149,1
DA:150,1
DA:151,0
DA:152,0
DA:153,0
DA:155,1
DA:164,1
DA:170,12
DA:171,12
DA:172,12
DA:174,12
DA:175,2
DA:176,1
DA:177,1
DA:178,1
DA:180,2
DA:181,1
DA:182,1
DA:183,1
DA:187,12
DA:191,4
DA:192,4
DA:193,4
DA:194,4
DA:195,1
DA:196,1
DA:198,3
DA:199,1
DA:200,1
DA:203,2
DA:204,2
DA:205,1
DA:207,1
DA:209,2
DA:211,0
DA:221,1
DA:228,3
DA:234,2
DA:236,72
DA:256,66
DA:257,6
DA:274,22
DA:275,22
DA:276,4
DA:277,4
DA:280,22
DA:281,4
LF:90
LH:80
BRDA:24,0,0,1
BRDA:24,0,1,0
BRDA:36,1,0,9
BRDA:36,1,1,1
BRDA:57,2,0,4
BRDA:57,2,1,19
BRDA:58,3,0,4
BRDA:58,3,1,19
BRDA:147,4,0,0
BRDA:147,4,1,1
BRDA:155,5,0,1
BRDA:155,5,1,0
BRDA:175,6,0,1
BRDA:175,6,1,1
BRDA:175,7,0,2
BRDA:175,7,1,1
BRDA:176,8,0,1
BRDA:176,8,1,0
BRDA:177,9,0,1
BRDA:177,9,1,0
BRDA:178,10,0,1
BRDA:178,10,1,0
BRDA:180,11,0,1
BRDA:180,11,1,1
BRDA:194,12,0,1
BRDA:194,12,1,3
BRDA:194,13,0,4
BRDA:194,13,1,2
BRDA:194,13,2,1
BRDA:198,14,0,1
BRDA:198,14,1,2
BRDA:198,15,0,3
BRDA:198,15,1,2
BRDA:204,16,0,1
BRDA:204,16,1,1
BRDA:211,17,0,0
BRDA:211,17,1,0
BRDA:220,18,0,6
BRDA:220,18,1,6
BRDA:220,19,0,6
BRDA:220,19,1,0
BRDA:248,20,0,6
BRDA:248,20,1,6
BRDA:256,21,0,60
BRDA:256,21,1,6
BRDA:275,22,0,18
BRDA:275,22,1,4
BRDA:280,23,0,18
BRDA:280,23,1,4
BRF:49
BRH:40
end_of_record
TN:
SF:src\testUtils\render.js
FN:4,render
FN:10,(anonymous_1)
FN:17,(anonymous_2)
FN:18,(anonymous_3)
FN:23,(anonymous_4)
FN:24,(anonymous_5)
FN:31,flush
FN:32,(anonymous_7)
FNF:8
FNH:6
FNDA:13,render
FNDA:13,(anonymous_1)
FNDA:13,(anonymous_2)
FNDA:13,(anonymous_3)
FNDA:0,(anonymous_4)
FNDA:0,(anonymous_5)
FNDA:23,flush
FNDA:23,(anonymous_7)
DA:5,13
DA:6,13
DA:8,13
DA:10,13
DA:11,13
DA:14,13
DA:18,13
DA:19,13
DA:21,13
DA:24,0
DA:25,0
DA:32,23
DA:33,23
LF:13
LH:11
BRF:0
BRH:0
end_of_record
